0 info it worked if it ends with ok
1 verbose cli [
1 verbose cli   '/rbd/pnpm-volume/89e8dcbe-769a-469d-9d90-204240ad88bf/node_modules/node/bin/node',
1 verbose cli   '/opt/nvm/versions/node/v14/bin/npm',
1 verbose cli   'install'
1 verbose cli ]
2 info using npm@6.14.15
3 info using node@v17.2.0
4 verbose config Skipping project config: /app/.npmrc. (matches userconfig)
5 verbose npm-session ca3c38f894b02d1d
6 silly install runPreinstallTopLevelLifecycles
7 silly preinstall Kurama@1.0.0
8 info lifecycle Kurama@1.0.0~preinstall: Kurama@1.0.0
9 silly install loadCurrentTree
10 silly install readLocalPackageData
11 timing stage:loadCurrentTree Completed in 4112ms
12 silly install loadIdealTree
13 silly install cloneCurrentTreeToIdealTree
14 timing stage:loadIdealTree:cloneCurrentTree Completed in 6ms
15 silly install loadShrinkwrap
16 timing stage:loadIdealTree:loadShrinkwrap Completed in 129ms
17 silly install loadAllDepsIntoIdealTree
18 verbose stack Error: ENOSPC: no space left on device, write
19 verbose cwd /app
20 verbose Linux 4.4.0-1128-aws
21 verbose argv "/rbd/pnpm-volume/89e8dcbe-769a-469d-9d90-204240ad88bf/node_modules/node/bin/node" "/opt/nvm/versions/node/v14/bin/npm" "install"
22 verbose node v17.2.0
23 verbose npm  v6.14.15
24 error code ENOSPC
25 error syscall write
26 error errno -28
27 error nospc ENOSPC: no space left on device, write
28 error nospc There appears to be insufficient space on your system to finish.
28 error nospc Clear up some disk space and try again.
29 verbose exit [ -28, true ]
30 verbose stack Error: ENOSPC: no space left on device, write
31 verbose cwd /app
32 verbose Linux 4.4.0-1128-aws
33 verbose argv "/rbd/pnpm-volume/89e8dcbe-769a-469d-9d90-204240ad88bf/node_modules/node/bin/node" "/opt/nvm/versions/node/v14/bin/npm" "install"
34 verbose node v17.2.0
35 verbose npm  v6.14.15
36 error code ENOSPC
37 error syscall write
38 error errno -28
39 error nospc ENOSPC: no space left on device, write
40 error nospc There appears to be insufficient space on your system to finish.
40 error nospc Clear up some disk space and try again.
41 verbose exit [ -28, true ]
42 warn registry Unexpected warning for https://registry.npmjs.org/: Miscellaneous Warning ENOSPC: ENOSPC: no space left on device, write
43 warn registry Using stale data from https://registry.npmjs.org/ due to a request error during revalidation.
44 http fetch GET 200 https://registry.npmjs.org/common-tags 1688ms (from cache)
45 http fetch GET 200 https://registry.npmjs.org/chalk 1722ms (from cache)
46 verbose stack Error: ENOSPC: no space left on device, write
47 verbose cwd /app
48 verbose Linux 4.4.0-1128-aws
49 verbose argv "/rbd/pnpm-volume/89e8dcbe-769a-469d-9d90-204240ad88bf/node_modules/node/bin/node" "/opt/nvm/versions/node/v14/bin/npm" "install"
50 verbose node v17.2.0
51 verbose npm  v6.14.15
52 error code ENOSPC
53 error syscall write
54 error errno -28
55 error nospc ENOSPC: no space left on device, write
56 error nospc There appears to be insufficient space on your system to finish.
56 error nospc Clear up some disk space and try again.
57 verbose exit [ -28, true ]
